<?xml version="1.0" encoding="UTF-8"?>
<!-- Generated by org.testng.reporters.JUnitXMLReporter -->
<testsuite ignored="0" hostname="EC2AMAZ-S11DBRH" failures="0" tests="2" name="Default test" time="42.517" errors="0" timestamp="2023-07-20T05:29:06 GMT">
  <testcase classname="testScripts.GooglePageTest" name="seleniumSearchTest" time="23.482">
    <skipped/>
  </testcase> <!-- seleniumSearchTest -->
  <testcase classname="testScripts.GooglePageTest" name="seleniumSearchTest" time="13.442"/>
</testsuite> <!-- Default test -->
