<?xml version="1.0" encoding="UTF-8"?>
<!-- Generated by org.testng.reporters.JUnitXMLReporter -->
<testsuite ignored="0" hostname="EC2AMAZ-S11DBRH" failures="0" tests="4" name="Default test" time="0.079" errors="0" timestamp="2023-07-18T07:27:30 GMT">
  <testcase classname="parallelScripts.SampleOneTest" name="testFour" time="0.013"/>
  <testcase classname="parallelScripts.SampleOneTest" name="testOne" time="0.003"/>
  <testcase classname="parallelScripts.SampleOneTest" name="testThree" time="0.002"/>
  <testcase classname="parallelScripts.SampleOneTest" name="testTwo" time="0.002"/>
</testsuite> <!-- Default test -->
