<?xml version="1.0" encoding="UTF-8"?>
<!-- Generated by org.testng.reporters.JUnitXMLReporter -->
<testsuite ignored="0" hostname="EC2AMAZ-S11DBRH" failures="0" tests="3" name="Test" time="20.035" errors="0" timestamp="2023-07-18T05:09:18 GMT">
  <testcase classname="testScripts.GooglePageTest" name="javasearchTest" time="4.169"/>
  <testcase classname="testScripts.GooglePageTest" name="seleniumSearchTest" time="3.651"/>
  <testcase classname="testScripts.SampleTwoTest" name="cypressSearchTest" time="7.275"/>
</testsuite> <!-- Test -->
