<?xml version="1.0" encoding="UTF-8"?>
<!-- Generated by org.testng.reporters.JUnitXMLReporter -->
<testsuite ignored="0" hostname="EC2AMAZ-S11DBRH" failures="0" tests="8" name="ModuleOneTest" time="0.125" errors="0" timestamp="2023-07-18T07:50:08 GMT">
  <testcase classname="parallelScripts.SampleOneTest" name="testFour" time="0.02"/>
  <testcase classname="parallelScripts.SampleOneTest" name="testOne" time="0.004"/>
  <testcase classname="parallelScripts.SampleOneTest" name="testThree" time="0.002"/>
  <testcase classname="parallelScripts.SampleOneTest" name="testTwo" time="0.009"/>
  <testcase classname="parallelScripts.SampleTwoTest" name="testFour" time="0.003"/>
  <testcase classname="parallelScripts.SampleTwoTest" name="testOne" time="0.002"/>
  <testcase classname="parallelScripts.SampleTwoTest" name="testThree" time="0.004"/>
  <testcase classname="parallelScripts.SampleTwoTest" name="testTwo" time="0.002"/>
</testsuite> <!-- ModuleOneTest -->
