<?xml version="1.0" encoding="UTF-8"?>
<!-- Generated by org.testng.reporters.JUnitXMLReporter -->
<testsuite ignored="2" hostname="EC2AMAZ-S11DBRH" failures="0" tests="6" name="ModuleTest" time="0.091" errors="0" timestamp="2023-07-18T07:16:28 GMT">
  <testcase classname="testScripts.SampleThreeTest" name="testFour" time="0.012"/>
  <testcase classname="testScripts.SampleThreeTest" name="testOne" time="0.002"/>
  <testcase classname="testScripts.SampleThreeTest" name="testThree" time="0.002"/>
  <testcase classname="testScripts.SampleFourTest" name="testFour" time="0.003"/>
  <testcase classname="testScripts.SampleFourTest" name="testOne" time="0.001"/>
  <testcase classname="testScripts.SampleFourTest" name="testThree" time="0.002"/>
  <testcase classname="testScripts.SampleThreeTest" name="testTwo" time="0.0">
    <ignored/>
  </testcase> <!-- testTwo -->
  <testcase classname="testScripts.SampleFourTest" name="testTwo" time="0.0">
    <ignored/>
  </testcase> <!-- testTwo -->
</testsuite> <!-- ModuleTest -->
