<?xml version="1.0" encoding="UTF-8"?>
<!-- Generated by org.testng.reporters.JUnitXMLReporter -->
<testsuite ignored="0" hostname="EC2AMAZ-S11DBRH" failures="0" tests="12" name="ModuleTest" time="0.143" errors="0" timestamp="2023-07-18T07:45:38 GMT">
  <testcase classname="parallelScripts.SampleTwoTest" name="testFour" time="0.012"/>
  <testcase classname="parallelScripts.SampleOneTest" name="testFour" time="0.013"/>
  <testcase classname="parallelScripts.SampleTwoTest" name="testOne" time="0.005"/>
  <testcase classname="parallelScripts.SampleTwoTest" name="testThree" time="0.004"/>
  <testcase classname="parallelScripts.SampleOneTest" name="testOne" time="0.025"/>
  <testcase classname="parallelScripts.SampleTwoTest" name="testTwo" time="0.002"/>
  <testcase classname="parallelScripts.SampleOneTest" name="testThree" time="0.006"/>
  <testcase classname="parallelScripts.SampleThreeTest" name="testFour" time="0.002"/>
  <testcase classname="parallelScripts.SampleThreeTest" name="testOne" time="0.003"/>
  <testcase classname="parallelScripts.SampleThreeTest" name="testThree" time="0.002"/>
  <testcase classname="parallelScripts.SampleOneTest" name="testTwo" time="0.006"/>
  <testcase classname="parallelScripts.SampleThreeTest" name="testTwo" time="0.003"/>
</testsuite> <!-- ModuleTest -->
