<?xml version="1.0" encoding="UTF-8"?>
<!-- Generated by org.testng.reporters.JUnitXMLReporter -->
<testsuite ignored="1" hostname="EC2AMAZ-S11DBRH" failures="0" tests="1" name="Test(failed)" time="9.569" errors="0" timestamp="2023-07-18T05:51:38 GMT">
  <testcase classname="testScripts.GooglePageTest" name="javasearchTest" time="4.74"/>
  <testcase classname="testScripts.GooglePageTest" name="seleniumSearchTest" time="0.0">
    <ignored/>
  </testcase> <!-- seleniumSearchTest -->
</testsuite> <!-- Test(failed) -->
