<?xml version="1.0" encoding="UTF-8"?>
<testng-results ignored="2" total="8" passed="6" failed="0" skipped="0">
  <reporter-output>
  </reporter-output>
  <suite started-at="2023-07-18T07:16:28 GMT" name="SampleSuite" finished-at="2023-07-18T07:16:28 GMT" duration-ms="91">
    <groups>
      <group name="FeatureThree">
        <method signature="SampleFourTest.testThree()[pri:0, instance:testScripts.SampleFourTest@28f2a10f]" name="testThree" class="testScripts.SampleFourTest"/>
        <method signature="SampleThreeTest.testThree()[pri:0, instance:testScripts.SampleThreeTest@2a54a73f]" name="testThree" class="testScripts.SampleThreeTest"/>
      </group> <!-- FeatureThree -->
      <group name="FeatureOne">
        <method signature="SampleFourTest.testOne()[pri:0, instance:testScripts.SampleFourTest@28f2a10f]" name="testOne" class="testScripts.SampleFourTest"/>
        <method signature="SampleThreeTest.testOne()[pri:0, instance:testScripts.SampleThreeTest@2a54a73f]" name="testOne" class="testScripts.SampleThreeTest"/>
      </group> <!-- FeatureOne -->
      <group name="FeatureFour">
        <method signature="SampleFourTest.testFour()[pri:0, instance:testScripts.SampleFourTest@28f2a10f]" name="testFour" class="testScripts.SampleFourTest"/>
        <method signature="SampleThreeTest.testFour()[pri:0, instance:testScripts.SampleThreeTest@2a54a73f]" name="testFour" class="testScripts.SampleThreeTest"/>
      </group> <!-- FeatureFour -->
    </groups>
    <test started-at="2023-07-18T07:16:28 GMT" name="ModuleTest" finished-at="2023-07-18T07:16:28 GMT" duration-ms="91">
      <class name="testScripts.SampleThreeTest">
        <test-method signature="testFour()[pri:0, instance:testScripts.SampleThreeTest@2a54a73f]" started-at="2023-07-18T07:16:28 GMT" name="testFour" finished-at="2023-07-18T07:16:28 GMT" duration-ms="12" status="PASS">
          <reporter-output>
          </reporter-output>
        </test-method> <!-- testFour -->
        <test-method signature="testOne()[pri:0, instance:testScripts.SampleThreeTest@2a54a73f]" started-at="2023-07-18T07:16:28 GMT" name="testOne" finished-at="2023-07-18T07:16:28 GMT" duration-ms="2" status="PASS">
          <reporter-output>
          </reporter-output>
        </test-method> <!-- testOne -->
        <test-method signature="testThree()[pri:0, instance:testScripts.SampleThreeTest@2a54a73f]" started-at="2023-07-18T07:16:28 GMT" name="testThree" finished-at="2023-07-18T07:16:28 GMT" duration-ms="2" status="PASS">
          <reporter-output>
          </reporter-output>
        </test-method> <!-- testThree -->
      </class> <!-- testScripts.SampleThreeTest -->
      <class name="testScripts.SampleFourTest">
        <test-method signature="testFour()[pri:0, instance:testScripts.SampleFourTest@28f2a10f]" started-at="2023-07-18T07:16:28 GMT" name="testFour" finished-at="2023-07-18T07:16:28 GMT" duration-ms="3" status="PASS">
          <reporter-output>
          </reporter-output>
        </test-method> <!-- testFour -->
        <test-method signature="testOne()[pri:0, instance:testScripts.SampleFourTest@28f2a10f]" started-at="2023-07-18T07:16:28 GMT" name="testOne" finished-at="2023-07-18T07:16:28 GMT" duration-ms="1" status="PASS">
          <reporter-output>
          </reporter-output>
        </test-method> <!-- testOne -->
        <test-method signature="testThree()[pri:0, instance:testScripts.SampleFourTest@28f2a10f]" started-at="2023-07-18T07:16:28 GMT" name="testThree" finished-at="2023-07-18T07:16:28 GMT" duration-ms="2" status="PASS">
          <reporter-output>
          </reporter-output>
        </test-method> <!-- testThree -->
      </class> <!-- testScripts.SampleFourTest -->
    </test> <!-- ModuleTest -->
  </suite> <!-- SampleSuite -->
</testng-results>
